<?xml version="1.0" encoding="UTF-8"?>
<!-- Generated by org.testng.reporters.JUnitReportReporter -->
<testsuite hostname="DESKTOP-QSAIDMM" failures="0" tests="1" name="goblantGrupo39.locurasWikipedia.AppTest" time="0.003" errors="0" timestamp="27 Oct 2023 22:04:43 GMT" skipped="0">
  <testcase classname="goblantGrupo39.locurasWikipedia.AppTest" name="shouldAnswerWithTrue" time="0.003"/>
</testsuite> <!-- goblantGrupo39.locurasWikipedia.AppTest -->
